TN:
SF:src\store\modules\profile.js
FN:8,(anonymous_0)
FN:14,(anonymous_1)
FN:15,(anonymous_2)
FN:19,(anonymous_3)
FN:20,(anonymous_4)
FN:27,(anonymous_5)
FN:30,(anonymous_6)
FNF:7
FNH:3
FNDA:0,(anonymous_0)
FNDA:2,(anonymous_1)
FNDA:2,(anonymous_2)
FNDA:0,(anonymous_3)
FNDA:0,(anonymous_4)
FNDA:3,(anonymous_5)
FNDA:0,(anonymous_6)
DA:3,1
DA:7,1
DA:9,0
DA:13,1
DA:15,2
DA:16,2
DA:20,0
DA:21,0
DA:26,1
DA:28,3
DA:31,0
LF:11
LH:7
BRF:0
BRH:0
end_of_record
TN:
SF:src\store\modules\users.js
FN:8,(anonymous_0)
FN:14,(anonymous_1)
FN:17,(anonymous_2)
FN:24,(anonymous_3)
FNF:4
FNH:1
FNDA:0,(anonymous_0)
FNDA:0,(anonymous_1)
FNDA:0,(anonymous_2)
FNDA:1,(anonymous_3)
DA:3,1
DA:7,1
DA:9,0
DA:13,1
DA:16,0
DA:17,0
DA:18,0
DA:23,1
DA:26,1
DA:27,1
LF:10
LH:6
BRF:0
BRH:0
end_of_record
